Using pre-set license
Built from '2020.3/staging' branch; Version is '2020.3.19f1 (68f137dc9bbe) revision 6877495'; Using compiler version '192528614'; Build Type 'Release'
OS: 'Windows 10 Pro; OS build 19043.1466; Version 2009; 64bit' Language: 'es' Physical Memory: 32640 MB
BatchMode: 1, IsHumanControllingUs: 0, StartBugReporterOnCrash: 0, Is64bit: 1, IsPro: 0

COMMAND LINE ARGUMENTS:
C:\Program Files\Unity\Hub\Editor\2020.3.19f1\Editor\Unity.exe
-adb2
-batchMode
-noUpm
-name
AssetImportWorker0
-projectPath
D:/Jorge/DyDV 3/DyDV 3/Arquitectura de Software/ProyectoFinalProgramacion
-logFile
Logs/AssetImportWorker0.log
-srvPort
54167
Successfully changed project path to: D:/Jorge/DyDV 3/DyDV 3/Arquitectura de Software/ProyectoFinalProgramacion
D:/Jorge/DyDV 3/DyDV 3/Arquitectura de Software/ProyectoFinalProgramacion
Using Asset Import Pipeline V2.
Refreshing native plugins compatible for Editor in 27.11 ms, found 2 plugins.
Preloading 0 native plugins for Editor in 0.00 ms.
Initialize engine version: 2020.3.19f1 (68f137dc9bbe)
[Subsystems] Discovering subsystems at path C:/Program Files/Unity/Hub/Editor/2020.3.19f1/Editor/Data/Resources/UnitySubsystems
[Subsystems] Discovering subsystems at path D:/Jorge/DyDV 3/DyDV 3/Arquitectura de Software/ProyectoFinalProgramacion/Assets
GfxDevice: creating device client; threaded=0
Direct3D:
    Version:  Direct3D 11.0 [level 11.1]
    Renderer: NVIDIA GeForce GTX 1650 (ID=0x1f82)
    Vendor:   
    VRAM:     3962 MB
    Driver:   30.0.15.1109
Initialize mono
Mono path[0] = 'C:/Program Files/Unity/Hub/Editor/2020.3.19f1/Editor/Data/Managed'
Mono path[1] = 'C:/Program Files/Unity/Hub/Editor/2020.3.19f1/Editor/Data/MonoBleedingEdge/lib/mono/unityjit'
Mono config path = 'C:/Program Files/Unity/Hub/Editor/2020.3.19f1/Editor/Data/MonoBleedingEdge/etc'
Using monoOptions --debugger-agent=transport=dt_socket,embedding=1,server=y,suspend=n,address=127.0.0.1:56624
Begin MonoManager ReloadAssembly
Registering precompiled unity dll's ...
Register platform support module: C:/Program Files/Unity/Hub/Editor/2020.3.19f1/Editor/Data/PlaybackEngines/WindowsStandaloneSupport/UnityEditor.WindowsStandalone.Extensions.dll
Registered in 0.001668 seconds.
Native extension for WindowsStandalone target not found
Refreshing native plugins compatible for Editor in 27.23 ms, found 2 plugins.
Preloading 0 native plugins for Editor in 0.00 ms.
Mono: successfully reloaded assembly
- Completed reload, in  0.998 seconds
Domain Reload Profiling:
	ReloadAssembly (998ms)
		BeginReloadAssembly (50ms)
			ExecutionOrderSort (0ms)
			DisableScriptedObjects (0ms)
			BackupInstance (0ms)
			ReleaseScriptingObjects (0ms)
			CreateAndSetChildDomain (1ms)
		EndReloadAssembly (396ms)
			LoadAssemblies (48ms)
			RebuildTransferFunctionScriptingTraits (0ms)
			SetupTypeCache (148ms)
			ReleaseScriptCaches (0ms)
			RebuildScriptCaches (32ms)
			SetupLoadedEditorAssemblies (150ms)
				LogAssemblyErrors (0ms)
				InitializePlatformSupportModulesInManaged (4ms)
				SetLoadedEditorAssemblies (0ms)
				RefreshPlugins (27ms)
				BeforeProcessingInitializeOnLoad (8ms)
				ProcessInitializeOnLoadAttributes (81ms)
				ProcessInitializeOnLoadMethodAttributes (29ms)
				AfterProcessingInitializeOnLoad (0ms)
				EditorAssembliesLoaded (0ms)
			ExecutionOrderSort2 (0ms)
			AwakeInstancesAfterBackupRestoration (0ms)
Platform modules already initialized, skipping
Registering precompiled user dll's ...
Registered in 0.001628 seconds.
Begin MonoManager ReloadAssembly
Native extension for WindowsStandalone target not found
Refreshing native plugins compatible for Editor in 0.29 ms, found 2 plugins.
Preloading 0 native plugins for Editor in 0.00 ms.
Mono: successfully reloaded assembly
- Completed reload, in  0.948 seconds
Domain Reload Profiling:
	ReloadAssembly (949ms)
		BeginReloadAssembly (141ms)
			ExecutionOrderSort (0ms)
			DisableScriptedObjects (5ms)
			BackupInstance (0ms)
			ReleaseScriptingObjects (0ms)
			CreateAndSetChildDomain (16ms)
		EndReloadAssembly (748ms)
			LoadAssemblies (77ms)
			RebuildTransferFunctionScriptingTraits (0ms)
			SetupTypeCache (256ms)
			ReleaseScriptCaches (0ms)
			RebuildScriptCaches (40ms)
			SetupLoadedEditorAssemblies (279ms)
				LogAssemblyErrors (0ms)
				InitializePlatformSupportModulesInManaged (5ms)
				SetLoadedEditorAssemblies (0ms)
				RefreshPlugins (0ms)
				BeforeProcessingInitializeOnLoad (50ms)
				ProcessInitializeOnLoadAttributes (212ms)
				ProcessInitializeOnLoadMethodAttributes (4ms)
				AfterProcessingInitializeOnLoad (6ms)
				EditorAssembliesLoaded (0ms)
			ExecutionOrderSort2 (0ms)
			AwakeInstancesAfterBackupRestoration (7ms)
Platform modules already initialized, skipping
========================================================================
Worker process is ready to serve import requests
Launched and connected shader compiler UnityShaderCompiler.exe after 0.06 seconds
Refreshing native plugins compatible for Editor in 0.28 ms, found 2 plugins.
Preloading 0 native plugins for Editor in 0.00 ms.
Unloading 1397 Unused Serialized files (Serialized files now loaded: 0)
System memory in use before: 64.8 MB.
System memory in use after: 64.9 MB.

Unloading 16 unused Assets to reduce memory usage. Loaded Objects now: 1832.
Total: 2.525300 ms (FindLiveObjects: 0.146000 ms CreateObjectMapping: 0.041000 ms MarkObjects: 2.283800 ms  DeleteObjects: 0.053400 ms)

AssetImportParameters requested are different than current active one (requested -> active):
  custom:framework-win-MediaFoundation: 216162199b28c13a410421893ffa2e32 -> 
  custom:video-decoder-ogg-theora: a1e56fd34408186e4bbccfd4996cb3dc -> 
  custom:container-muxer-webm: aa71ff27fc2769a1b78a27578f13a17b -> 
  custom:container-demuxer-webm: 4f35f7cbe854078d1ac9338744f61a02 -> 
  custom:container-demuxer-ogg: 62fdf1f143b41e24485cea50d1cbac27 -> 
  custom:video-encoder-webm-vp8: eb34c28f22e8b96e1ab97ce403110664 -> 
  custom:video-decoder-webm-vp8: 9c59270c3fd7afecdb556c50c9e8de78 -> 
  custom:audio-decoder-ogg-vorbis: bf7c407c2cedff20999df2af8eb42d56 -> 
  custom:audio-encoder-webm-vorbis: bf7c407c2cedff20999df2af8eb42d56 -> 
========================================================================
Received Import Request.
  path: Assets
  artifactKey: Guid(00000000000000001000000000000000) Importer(815301076,1909f56bfc062723c751e8b465ee728b)
Start importing Assets using Guid(00000000000000001000000000000000) Importer(815301076,1909f56bfc062723c751e8b465ee728b)  -> (artifact id: '42d402b061de3733987d63b9cc3b64de') in 0.007299 seconds 
  Import took 0.022128 seconds .

========================================================================
Received Import Request.
  Time since last request: 8.686752 seconds.
  path: Assets/AssetsProject
  artifactKey: Guid(70b61117bf9c244448a99ee3d9ba2045) Importer(815301076,1909f56bfc062723c751e8b465ee728b)
Start importing Assets/AssetsProject using Guid(70b61117bf9c244448a99ee3d9ba2045) Importer(815301076,1909f56bfc062723c751e8b465ee728b)  -> (artifact id: 'c571aa9a1db6c2327af27ea5b1cde4cc') in 0.006176 seconds 
  Import took 0.027023 seconds .

========================================================================
Received Import Request.
  Time since last request: 9.296655 seconds.
  path: Assets/Scripts
  artifactKey: Guid(f052e28d103b76b418a48cae9d562c42) Importer(815301076,1909f56bfc062723c751e8b465ee728b)
Start importing Assets/Scripts using Guid(f052e28d103b76b418a48cae9d562c42) Importer(815301076,1909f56bfc062723c751e8b465ee728b)  -> (artifact id: '3e3e4f47aef8ea16905a742cfd77c60f') in 0.005261 seconds 
  Import took 0.007413 seconds .

========================================================================
Received Import Request.
  Time since last request: 23.718550 seconds.
  path: Assets/AssetsProject/BaseSuelo.FBX
  artifactKey: Guid(081003ebb2c0b7f4da8804948a05d61c) Importer(815301076,1909f56bfc062723c751e8b465ee728b)
Start importing Assets/AssetsProject/BaseSuelo.FBX using Guid(081003ebb2c0b7f4da8804948a05d61c) Importer(815301076,1909f56bfc062723c751e8b465ee728b)  -> (artifact id: '862850796edb6736f668da25f6658263') in 0.372600 seconds 
  Import took 0.375212 seconds .

========================================================================
Received Import Request.
  Time since last request: 104.890404 seconds.
  path: Assets/Material
  artifactKey: Guid(82168b0c7a379a743beb89935c790733) Importer(815301076,1909f56bfc062723c751e8b465ee728b)
Start importing Assets/Material using Guid(82168b0c7a379a743beb89935c790733) Importer(815301076,1909f56bfc062723c751e8b465ee728b)  -> (artifact id: 'bd25941baff83542fc890ece8ec0056e') in 0.005338 seconds 
  Import took 0.008006 seconds .

========================================================================
Received Import Request.
  Time since last request: 11.517460 seconds.
  path: Assets/Material/Suelo.mat
  artifactKey: Guid(a5902c8aa8e40aa4bbfc4ecd51775a83) Importer(815301076,1909f56bfc062723c751e8b465ee728b)
Start importing Assets/Material/Suelo.mat using Guid(a5902c8aa8e40aa4bbfc4ecd51775a83) Importer(815301076,1909f56bfc062723c751e8b465ee728b)  -> (artifact id: '4f08008ea664104c70bca5f9d4374300') in 0.035570 seconds 
  Import took 0.037806 seconds .

========================================================================
Received Prepare
Registering precompiled user dll's ...
Registered in 0.001594 seconds.
Begin MonoManager ReloadAssembly
Native extension for WindowsStandalone target not found
Refreshing native plugins compatible for Editor in 0.30 ms, found 2 plugins.
Preloading 0 native plugins for Editor in 0.00 ms.
Mono: successfully reloaded assembly
- Completed reload, in  0.907 seconds
Domain Reload Profiling:
	ReloadAssembly (907ms)
		BeginReloadAssembly (103ms)
			ExecutionOrderSort (0ms)
			DisableScriptedObjects (4ms)
			BackupInstance (0ms)
			ReleaseScriptingObjects (0ms)
			CreateAndSetChildDomain (30ms)
		EndReloadAssembly (742ms)
			LoadAssemblies (95ms)
			RebuildTransferFunctionScriptingTraits (0ms)
			SetupTypeCache (268ms)
			ReleaseScriptCaches (1ms)
			RebuildScriptCaches (35ms)
			SetupLoadedEditorAssemblies (251ms)
				LogAssemblyErrors (0ms)
				InitializePlatformSupportModulesInManaged (5ms)
				SetLoadedEditorAssemblies (0ms)
				RefreshPlugins (0ms)
				BeforeProcessingInitializeOnLoad (44ms)
				ProcessInitializeOnLoadAttributes (191ms)
				ProcessInitializeOnLoadMethodAttributes (4ms)
				AfterProcessingInitializeOnLoad (6ms)
				EditorAssembliesLoaded (0ms)
			ExecutionOrderSort2 (0ms)
			AwakeInstancesAfterBackupRestoration (7ms)
Platform modules already initialized, skipping
Refreshing native plugins compatible for Editor in 0.27 ms, found 2 plugins.
Preloading 0 native plugins for Editor in 0.00 ms.
Unloading 1403 Unused Serialized files (Serialized files now loaded: 0)
System memory in use before: 68.4 MB.
System memory in use after: 68.5 MB.

Unloading 12 unused Assets to reduce memory usage. Loaded Objects now: 1889.
Total: 2.678600 ms (FindLiveObjects: 0.145000 ms CreateObjectMapping: 0.040500 ms MarkObjects: 2.473800 ms  DeleteObjects: 0.018300 ms)

AssetImportParameters requested are different than current active one (requested -> active):
  custom:framework-win-MediaFoundation: 216162199b28c13a410421893ffa2e32 -> 
  custom:video-decoder-ogg-theora: a1e56fd34408186e4bbccfd4996cb3dc -> 
  custom:container-muxer-webm: aa71ff27fc2769a1b78a27578f13a17b -> 
  custom:container-demuxer-webm: 4f35f7cbe854078d1ac9338744f61a02 -> 
  custom:container-demuxer-ogg: 62fdf1f143b41e24485cea50d1cbac27 -> 
  custom:video-encoder-webm-vp8: eb34c28f22e8b96e1ab97ce403110664 -> 
  custom:video-decoder-webm-vp8: 9c59270c3fd7afecdb556c50c9e8de78 -> 
  custom:audio-decoder-ogg-vorbis: bf7c407c2cedff20999df2af8eb42d56 -> 
  custom:audio-encoder-webm-vorbis: bf7c407c2cedff20999df2af8eb42d56 -> 
========================================================================
Received Import Request.
  Time since last request: 657.028905 seconds.
  path: Assets/Scripts/CameraFollow360.cs
  artifactKey: Guid(20005f82247f246d4a6a4989974d5dd9) Importer(815301076,1909f56bfc062723c751e8b465ee728b)
Start importing Assets/Scripts/CameraFollow360.cs using Guid(20005f82247f246d4a6a4989974d5dd9) Importer(815301076,1909f56bfc062723c751e8b465ee728b)  -> (artifact id: '968ae8e11b9721ead2d96fe478526091') in 0.006889 seconds 
  Import took 0.009180 seconds .

========================================================================
Received Import Request.
  Time since last request: 5.975240 seconds.
  path: Assets/Scripts/PlayerController.cs
  artifactKey: Guid(a8388ca91402043bca401bfa0ef35eb4) Importer(815301076,1909f56bfc062723c751e8b465ee728b)
Start importing Assets/Scripts/PlayerController.cs using Guid(a8388ca91402043bca401bfa0ef35eb4) Importer(815301076,1909f56bfc062723c751e8b465ee728b)  -> (artifact id: 'd6d409a55c24deef348a9af403830796') in 0.001818 seconds 
  Import took 0.003995 seconds .

========================================================================
Received Import Request.
  Time since last request: 60.606506 seconds.
  path: Assets/Scripts/PlayerController.cs
  artifactKey: Guid(a8388ca91402043bca401bfa0ef35eb4) Importer(815301076,1909f56bfc062723c751e8b465ee728b)
Start importing Assets/Scripts/PlayerController.cs using Guid(a8388ca91402043bca401bfa0ef35eb4) Importer(815301076,1909f56bfc062723c751e8b465ee728b)  -> (artifact id: '8561e59a46727f6e96465e31f5707deb') in 0.001830 seconds 
  Import took 0.003973 seconds .

========================================================================
Received Import Request.
  Time since last request: 201.071925 seconds.
  path: Assets/Scripts/CharacterController.cs
  artifactKey: Guid(27dc0e8cf47e0b2419e40429a66a7f6c) Importer(815301076,1909f56bfc062723c751e8b465ee728b)
Start importing Assets/Scripts/CharacterController.cs using Guid(27dc0e8cf47e0b2419e40429a66a7f6c) Importer(815301076,1909f56bfc062723c751e8b465ee728b)  -> (artifact id: '93521d1a629a99c5365d0dfed3577017') in 0.005478 seconds 
  Import took 0.008155 seconds .

========================================================================
Received Import Request.
  Time since last request: 83.247343 seconds.
  path: Assets/Scripts/CameraController.cs
  artifactKey: Guid(095247553dd4cc4408388dd556998090) Importer(815301076,1909f56bfc062723c751e8b465ee728b)
Start importing Assets/Scripts/CameraController.cs using Guid(095247553dd4cc4408388dd556998090) Importer(815301076,1909f56bfc062723c751e8b465ee728b)  -> (artifact id: 'c478f0bb49560b7bd171bb7f67c2cc7a') in 0.005354 seconds 
  Import took 0.007600 seconds .

AssetImportWorkerClient::OnTransportError - code=2 error=End of file
