Using pre-set license
Built from '2020.3/staging' branch; Version is '2020.3.19f1 (68f137dc9bbe) revision 6877495'; Using compiler version '192528614'; Build Type 'Release'
OS: 'Windows 10 Pro; OS build 19043.1466; Version 2009; 64bit' Language: 'es' Physical Memory: 32640 MB
BatchMode: 1, IsHumanControllingUs: 0, StartBugReporterOnCrash: 0, Is64bit: 1, IsPro: 0

COMMAND LINE ARGUMENTS:
C:\Program Files\Unity\Hub\Editor\2020.3.19f1\Editor\Unity.exe
-adb2
-batchMode
-noUpm
-name
AssetImportWorker0
-projectPath
D:/Jorge/DyDV 3/DyDV 3/Arquitectura de Software/ProyectoFinalProgramacion
-logFile
Logs/AssetImportWorker0.log
-srvPort
65050
Successfully changed project path to: D:/Jorge/DyDV 3/DyDV 3/Arquitectura de Software/ProyectoFinalProgramacion
D:/Jorge/DyDV 3/DyDV 3/Arquitectura de Software/ProyectoFinalProgramacion
Using Asset Import Pipeline V2.
Refreshing native plugins compatible for Editor in 26.60 ms, found 2 plugins.
Preloading 0 native plugins for Editor in 0.00 ms.
Initialize engine version: 2020.3.19f1 (68f137dc9bbe)
[Subsystems] Discovering subsystems at path C:/Program Files/Unity/Hub/Editor/2020.3.19f1/Editor/Data/Resources/UnitySubsystems
[Subsystems] Discovering subsystems at path D:/Jorge/DyDV 3/DyDV 3/Arquitectura de Software/ProyectoFinalProgramacion/Assets
GfxDevice: creating device client; threaded=0
Direct3D:
    Version:  Direct3D 11.0 [level 11.1]
    Renderer: NVIDIA GeForce GTX 1650 (ID=0x1f82)
    Vendor:   
    VRAM:     3962 MB
    Driver:   30.0.15.1109
Initialize mono
Mono path[0] = 'C:/Program Files/Unity/Hub/Editor/2020.3.19f1/Editor/Data/Managed'
Mono path[1] = 'C:/Program Files/Unity/Hub/Editor/2020.3.19f1/Editor/Data/MonoBleedingEdge/lib/mono/unityjit'
Mono config path = 'C:/Program Files/Unity/Hub/Editor/2020.3.19f1/Editor/Data/MonoBleedingEdge/etc'
Using monoOptions --debugger-agent=transport=dt_socket,embedding=1,server=y,suspend=n,address=127.0.0.1:56528
Begin MonoManager ReloadAssembly
Registering precompiled unity dll's ...
Register platform support module: C:/Program Files/Unity/Hub/Editor/2020.3.19f1/Editor/Data/PlaybackEngines/WindowsStandaloneSupport/UnityEditor.WindowsStandalone.Extensions.dll
Registered in 0.001695 seconds.
Native extension for WindowsStandalone target not found
Refreshing native plugins compatible for Editor in 27.50 ms, found 2 plugins.
Preloading 0 native plugins for Editor in 0.00 ms.
Mono: successfully reloaded assembly
- Completed reload, in  0.992 seconds
Domain Reload Profiling:
	ReloadAssembly (992ms)
		BeginReloadAssembly (50ms)
			ExecutionOrderSort (0ms)
			DisableScriptedObjects (0ms)
			BackupInstance (0ms)
			ReleaseScriptingObjects (0ms)
			CreateAndSetChildDomain (1ms)
		EndReloadAssembly (395ms)
			LoadAssemblies (48ms)
			RebuildTransferFunctionScriptingTraits (0ms)
			SetupTypeCache (149ms)
			ReleaseScriptCaches (0ms)
			RebuildScriptCaches (31ms)
			SetupLoadedEditorAssemblies (148ms)
				LogAssemblyErrors (0ms)
				InitializePlatformSupportModulesInManaged (4ms)
				SetLoadedEditorAssemblies (0ms)
				RefreshPlugins (28ms)
				BeforeProcessingInitializeOnLoad (8ms)
				ProcessInitializeOnLoadAttributes (79ms)
				ProcessInitializeOnLoadMethodAttributes (29ms)
				AfterProcessingInitializeOnLoad (0ms)
				EditorAssembliesLoaded (0ms)
			ExecutionOrderSort2 (0ms)
			AwakeInstancesAfterBackupRestoration (0ms)
Platform modules already initialized, skipping
Registering precompiled user dll's ...
Registered in 0.001557 seconds.
Begin MonoManager ReloadAssembly
Native extension for WindowsStandalone target not found
Refreshing native plugins compatible for Editor in 0.29 ms, found 2 plugins.
Preloading 0 native plugins for Editor in 0.00 ms.
Mono: successfully reloaded assembly
- Completed reload, in  0.959 seconds
Domain Reload Profiling:
	ReloadAssembly (960ms)
		BeginReloadAssembly (147ms)
			ExecutionOrderSort (0ms)
			DisableScriptedObjects (5ms)
			BackupInstance (0ms)
			ReleaseScriptingObjects (0ms)
			CreateAndSetChildDomain (16ms)
		EndReloadAssembly (752ms)
			LoadAssemblies (78ms)
			RebuildTransferFunctionScriptingTraits (0ms)
			SetupTypeCache (261ms)
			ReleaseScriptCaches (0ms)
			RebuildScriptCaches (41ms)
			SetupLoadedEditorAssemblies (278ms)
				LogAssemblyErrors (0ms)
				InitializePlatformSupportModulesInManaged (5ms)
				SetLoadedEditorAssemblies (0ms)
				RefreshPlugins (0ms)
				BeforeProcessingInitializeOnLoad (51ms)
				ProcessInitializeOnLoadAttributes (212ms)
				ProcessInitializeOnLoadMethodAttributes (4ms)
				AfterProcessingInitializeOnLoad (5ms)
				EditorAssembliesLoaded (0ms)
			ExecutionOrderSort2 (0ms)
			AwakeInstancesAfterBackupRestoration (6ms)
Platform modules already initialized, skipping
========================================================================
Worker process is ready to serve import requests
Launched and connected shader compiler UnityShaderCompiler.exe after 0.06 seconds
Refreshing native plugins compatible for Editor in 0.28 ms, found 2 plugins.
Preloading 0 native plugins for Editor in 0.00 ms.
Unloading 1405 Unused Serialized files (Serialized files now loaded: 0)
System memory in use before: 65.1 MB.
System memory in use after: 65.2 MB.

Unloading 16 unused Assets to reduce memory usage. Loaded Objects now: 1841.
Total: 2.912700 ms (FindLiveObjects: 0.166600 ms CreateObjectMapping: 0.038200 ms MarkObjects: 2.651100 ms  DeleteObjects: 0.055700 ms)

AssetImportParameters requested are different than current active one (requested -> active):
  custom:framework-win-MediaFoundation: 216162199b28c13a410421893ffa2e32 -> 
  custom:video-decoder-ogg-theora: a1e56fd34408186e4bbccfd4996cb3dc -> 
  custom:container-muxer-webm: aa71ff27fc2769a1b78a27578f13a17b -> 
  custom:container-demuxer-webm: 4f35f7cbe854078d1ac9338744f61a02 -> 
  custom:container-demuxer-ogg: 62fdf1f143b41e24485cea50d1cbac27 -> 
  custom:video-encoder-webm-vp8: eb34c28f22e8b96e1ab97ce403110664 -> 
  custom:video-decoder-webm-vp8: 9c59270c3fd7afecdb556c50c9e8de78 -> 
  custom:audio-decoder-ogg-vorbis: bf7c407c2cedff20999df2af8eb42d56 -> 
  custom:audio-encoder-webm-vorbis: bf7c407c2cedff20999df2af8eb42d56 -> 
========================================================================
Received Import Request.
  path: Assets/AssetsProject/MarcaJugador.png
  artifactKey: Guid(df5486d71676143418476dd3c0761ae0) Importer(815301076,1909f56bfc062723c751e8b465ee728b)
Start importing Assets/AssetsProject/MarcaJugador.png using Guid(df5486d71676143418476dd3c0761ae0) Importer(815301076,1909f56bfc062723c751e8b465ee728b)  -> (artifact id: 'e0ab730402832a1ccab9dd66c3857842') in 0.099839 seconds 
  Import took 0.101943 seconds .

========================================================================
Received Import Request.
  Time since last request: 6.492370 seconds.
  path: Assets/AssetsProject/MarcaJugador.png
  artifactKey: Guid(df5486d71676143418476dd3c0761ae0) Importer(815301076,1909f56bfc062723c751e8b465ee728b)
Start importing Assets/AssetsProject/MarcaJugador.png using Guid(df5486d71676143418476dd3c0761ae0) Importer(815301076,1909f56bfc062723c751e8b465ee728b)  -> (artifact id: '9a3c772f6778a432168748a7a7e25131') in 0.047638 seconds 
  Import took 0.050033 seconds .

========================================================================
Received Import Request.
  Time since last request: 50.293213 seconds.
  path: Assets/AssetsProject/MarcaJugador.png
  artifactKey: Guid(df5486d71676143418476dd3c0761ae0) Importer(815301076,1909f56bfc062723c751e8b465ee728b)
Start importing Assets/AssetsProject/MarcaJugador.png using Guid(df5486d71676143418476dd3c0761ae0) Importer(815301076,1909f56bfc062723c751e8b465ee728b)  -> (artifact id: '80546359b589d8858ce57fdafcb0b5c3') in 0.032121 seconds 
  Import took 0.034358 seconds .

========================================================================
Received Import Request.
  Time since last request: 3983.459178 seconds.
  path: Assets/Prefab
  artifactKey: Guid(b61e74e7f74928e4ea24e73347b9c14c) Importer(815301076,1909f56bfc062723c751e8b465ee728b)
Start importing Assets/Prefab using Guid(b61e74e7f74928e4ea24e73347b9c14c) Importer(815301076,1909f56bfc062723c751e8b465ee728b)  -> (artifact id: '19f898060c734e8192b435371dac05c8') in 0.005147 seconds 
  Import took 0.007787 seconds .

========================================================================
Received Import Request.
  Time since last request: 48.042380 seconds.
  path: Assets/Material/Suelo.mat
  artifactKey: Guid(a5902c8aa8e40aa4bbfc4ecd51775a83) Importer(815301076,1909f56bfc062723c751e8b465ee728b)
Start importing Assets/Material/Suelo.mat using Guid(a5902c8aa8e40aa4bbfc4ecd51775a83) Importer(815301076,1909f56bfc062723c751e8b465ee728b)  -> (artifact id: '32acc32e1cd16985ea2be0000425fac3') in 0.048823 seconds 
  Import took 0.051060 seconds .

========================================================================
Received Import Request.
  Time since last request: 8.063026 seconds.
  path: Assets/Material/Sphere.mat
  artifactKey: Guid(331986a713235fe4fa6dbdea3df9135e) Importer(815301076,1909f56bfc062723c751e8b465ee728b)
Start importing Assets/Material/Sphere.mat using Guid(331986a713235fe4fa6dbdea3df9135e) Importer(815301076,1909f56bfc062723c751e8b465ee728b)  -> (artifact id: 'bfd9904526e90e207fba9d91cdd3dcf3') in 0.014400 seconds 
  Import took 0.016984 seconds .

========================================================================
Received Import Request.
  Time since last request: 78.009261 seconds.
  path: Assets/Prefab/Sphere.prefab
  artifactKey: Guid(ebecf95ffe4132741a49dfd4addff205) Importer(815301076,1909f56bfc062723c751e8b465ee728b)
Start importing Assets/Prefab/Sphere.prefab using Guid(ebecf95ffe4132741a49dfd4addff205) Importer(815301076,1909f56bfc062723c751e8b465ee728b)  -> (artifact id: '86aad21a410d46d27aeccd7726950aa5') in 0.027175 seconds 
  Import took 0.029505 seconds .

========================================================================
Received Import Request.
  Time since last request: 151.145542 seconds.
  path: Assets/Mapa/Spawner.cs
  artifactKey: Guid(e62495562ae714054a79d88dca8aad54) Importer(815301076,1909f56bfc062723c751e8b465ee728b)
Start importing Assets/Mapa/Spawner.cs using Guid(e62495562ae714054a79d88dca8aad54) Importer(815301076,1909f56bfc062723c751e8b465ee728b)  -> (artifact id: '5da168ab94cec64cdd75d8d38ed7c10f') in 0.016139 seconds 
  Import took 0.018474 seconds .

========================================================================
Received Import Request.
  Time since last request: 122.032693 seconds.
  path: Assets/Mapa/Spawner.cs
  artifactKey: Guid(e62495562ae714054a79d88dca8aad54) Importer(815301076,1909f56bfc062723c751e8b465ee728b)
Start importing Assets/Mapa/Spawner.cs using Guid(e62495562ae714054a79d88dca8aad54) Importer(815301076,1909f56bfc062723c751e8b465ee728b)  -> (artifact id: 'e05d540f946d9b2b33f6bcd38e825fea') in 0.001590 seconds 
  Import took 0.004190 seconds .

========================================================================
Received Import Request.
  Time since last request: 181.662451 seconds.
  path: Assets/Material/Sphere.mat
  artifactKey: Guid(331986a713235fe4fa6dbdea3df9135e) Importer(815301076,1909f56bfc062723c751e8b465ee728b)
Start importing Assets/Material/Sphere.mat using Guid(331986a713235fe4fa6dbdea3df9135e) Importer(815301076,1909f56bfc062723c751e8b465ee728b)  -> (artifact id: '0a58f9216a5675f9184e5a4951900d31') in 0.012541 seconds 
  Import took 0.014820 seconds .

========================================================================
Received Prepare
Registering precompiled user dll's ...
Registered in 0.001577 seconds.
Begin MonoManager ReloadAssembly
Native extension for WindowsStandalone target not found
Refreshing native plugins compatible for Editor in 0.45 ms, found 2 plugins.
Preloading 0 native plugins for Editor in 0.00 ms.
Mono: successfully reloaded assembly
- Completed reload, in  0.902 seconds
Domain Reload Profiling:
	ReloadAssembly (903ms)
		BeginReloadAssembly (100ms)
			ExecutionOrderSort (0ms)
			DisableScriptedObjects (4ms)
			BackupInstance (0ms)
			ReleaseScriptingObjects (0ms)
			CreateAndSetChildDomain (31ms)
		EndReloadAssembly (742ms)
			LoadAssemblies (76ms)
			RebuildTransferFunctionScriptingTraits (0ms)
			SetupTypeCache (270ms)
			ReleaseScriptCaches (1ms)
			RebuildScriptCaches (36ms)
			SetupLoadedEditorAssemblies (262ms)
				LogAssemblyErrors (0ms)
				InitializePlatformSupportModulesInManaged (5ms)
				SetLoadedEditorAssemblies (1ms)
				RefreshPlugins (1ms)
				BeforeProcessingInitializeOnLoad (47ms)
				ProcessInitializeOnLoadAttributes (199ms)
				ProcessInitializeOnLoadMethodAttributes (4ms)
				AfterProcessingInitializeOnLoad (6ms)
				EditorAssembliesLoaded (0ms)
			ExecutionOrderSort2 (0ms)
			AwakeInstancesAfterBackupRestoration (8ms)
Platform modules already initialized, skipping
Refreshing native plugins compatible for Editor in 0.30 ms, found 2 plugins.
Preloading 0 native plugins for Editor in 0.00 ms.
Unloading 1399 Unused Serialized files (Serialized files now loaded: 0)
System memory in use before: 68.3 MB.
System memory in use after: 68.4 MB.

Unloading 11 unused Assets to reduce memory usage. Loaded Objects now: 1887.
Total: 2.514900 ms (FindLiveObjects: 0.149800 ms CreateObjectMapping: 0.044100 ms MarkObjects: 2.305800 ms  DeleteObjects: 0.013900 ms)

AssetImportParameters requested are different than current active one (requested -> active):
  custom:framework-win-MediaFoundation: 216162199b28c13a410421893ffa2e32 -> 
  custom:video-decoder-ogg-theora: a1e56fd34408186e4bbccfd4996cb3dc -> 
  custom:container-muxer-webm: aa71ff27fc2769a1b78a27578f13a17b -> 
  custom:container-demuxer-webm: 4f35f7cbe854078d1ac9338744f61a02 -> 
  custom:container-demuxer-ogg: 62fdf1f143b41e24485cea50d1cbac27 -> 
  custom:video-encoder-webm-vp8: eb34c28f22e8b96e1ab97ce403110664 -> 
  custom:video-decoder-webm-vp8: 9c59270c3fd7afecdb556c50c9e8de78 -> 
  custom:audio-decoder-ogg-vorbis: bf7c407c2cedff20999df2af8eb42d56 -> 
  custom:audio-encoder-webm-vorbis: bf7c407c2cedff20999df2af8eb42d56 -> 
========================================================================
Received Import Request.
  Time since last request: 494.947744 seconds.
  path: Assets/Mapa
  artifactKey: Guid(cb594b0f30c393d47a0b77c57c1bccc3) Importer(815301076,1909f56bfc062723c751e8b465ee728b)
Start importing Assets/Mapa using Guid(cb594b0f30c393d47a0b77c57c1bccc3) Importer(815301076,1909f56bfc062723c751e8b465ee728b)  -> (artifact id: 'ad29b8b3321c32f43e7a8679d2a39eff') in 0.007448 seconds 
  Import took 0.009771 seconds .

========================================================================
Received Import Request.
  Time since last request: 21.805287 seconds.
  path: Assets/Mapa/New Event.asset
  artifactKey: Guid(bb2e31e65a58cb84bbccb62339ad9886) Importer(815301076,1909f56bfc062723c751e8b465ee728b)
Start importing Assets/Mapa/New Event.asset using Guid(bb2e31e65a58cb84bbccb62339ad9886) Importer(815301076,1909f56bfc062723c751e8b465ee728b)  -> (artifact id: 'fb702919cad284ad8f07eaf10b835eaa') in 0.013679 seconds 
  Import took 0.015959 seconds .

========================================================================
Received Import Request.
  Time since last request: 747.165187 seconds.
  path: Assets/AssetsProject/Minimapa.png
  artifactKey: Guid(ee025af870ee4fa498a457d99b05d941) Importer(815301076,1909f56bfc062723c751e8b465ee728b)
Start importing Assets/AssetsProject/Minimapa.png using Guid(ee025af870ee4fa498a457d99b05d941) Importer(815301076,1909f56bfc062723c751e8b465ee728b)  -> (artifact id: '3a1d6aad9ce02eb645fb5fba75995c77') in 0.026893 seconds 
  Import took 0.029567 seconds .

========================================================================
Received Import Request.
  Time since last request: 17.064879 seconds.
  path: Assets/AssetsProject/Minimapa.png
  artifactKey: Guid(ee025af870ee4fa498a457d99b05d941) Importer(815301076,1909f56bfc062723c751e8b465ee728b)
Start importing Assets/AssetsProject/Minimapa.png using Guid(ee025af870ee4fa498a457d99b05d941) Importer(815301076,1909f56bfc062723c751e8b465ee728b)  -> (artifact id: '30e2914769f170d001ca1ccdb8188b49') in 0.031899 seconds 
  Import took 0.034211 seconds .

========================================================================
Received Prepare
Registering precompiled user dll's ...
Registered in 0.001598 seconds.
Begin MonoManager ReloadAssembly
Native extension for WindowsStandalone target not found
Refreshing native plugins compatible for Editor in 0.30 ms, found 2 plugins.
Preloading 0 native plugins for Editor in 0.00 ms.
Mono: successfully reloaded assembly
- Completed reload, in  0.893 seconds
Domain Reload Profiling:
	ReloadAssembly (894ms)
		BeginReloadAssembly (109ms)
			ExecutionOrderSort (0ms)
			DisableScriptedObjects (4ms)
			BackupInstance (0ms)
			ReleaseScriptingObjects (0ms)
			CreateAndSetChildDomain (30ms)
		EndReloadAssembly (724ms)
			LoadAssemblies (77ms)
			RebuildTransferFunctionScriptingTraits (0ms)
			SetupTypeCache (258ms)
			ReleaseScriptCaches (1ms)
			RebuildScriptCaches (37ms)
			SetupLoadedEditorAssemblies (256ms)
				LogAssemblyErrors (0ms)
				InitializePlatformSupportModulesInManaged (5ms)
				SetLoadedEditorAssemblies (0ms)
				RefreshPlugins (0ms)
				BeforeProcessingInitializeOnLoad (45ms)
				ProcessInitializeOnLoadAttributes (195ms)
				ProcessInitializeOnLoadMethodAttributes (4ms)
				AfterProcessingInitializeOnLoad (5ms)
				EditorAssembliesLoaded (0ms)
			ExecutionOrderSort2 (0ms)
			AwakeInstancesAfterBackupRestoration (7ms)
Platform modules already initialized, skipping
Refreshing native plugins compatible for Editor in 0.29 ms, found 2 plugins.
Preloading 0 native plugins for Editor in 0.00 ms.
Unloading 1399 Unused Serialized files (Serialized files now loaded: 0)
System memory in use before: 68.4 MB.
System memory in use after: 68.5 MB.

Unloading 11 unused Assets to reduce memory usage. Loaded Objects now: 1893.
Total: 2.717000 ms (FindLiveObjects: 0.148500 ms CreateObjectMapping: 0.046300 ms MarkObjects: 2.505100 ms  DeleteObjects: 0.015300 ms)

AssetImportParameters requested are different than current active one (requested -> active):
  custom:framework-win-MediaFoundation: 216162199b28c13a410421893ffa2e32 -> 
  custom:video-decoder-ogg-theora: a1e56fd34408186e4bbccfd4996cb3dc -> 
  custom:container-muxer-webm: aa71ff27fc2769a1b78a27578f13a17b -> 
  custom:container-demuxer-webm: 4f35f7cbe854078d1ac9338744f61a02 -> 
  custom:container-demuxer-ogg: 62fdf1f143b41e24485cea50d1cbac27 -> 
  custom:video-encoder-webm-vp8: eb34c28f22e8b96e1ab97ce403110664 -> 
  custom:video-decoder-webm-vp8: 9c59270c3fd7afecdb556c50c9e8de78 -> 
  custom:audio-decoder-ogg-vorbis: bf7c407c2cedff20999df2af8eb42d56 -> 
  custom:audio-encoder-webm-vorbis: bf7c407c2cedff20999df2af8eb42d56 -> 
========================================================================
Received Import Request.
  Time since last request: 1351.650483 seconds.
  path: Assets/Mapa/Item.cs
  artifactKey: Guid(c55c7359e8c93458787024191ba36543) Importer(815301076,1909f56bfc062723c751e8b465ee728b)
Start importing Assets/Mapa/Item.cs using Guid(c55c7359e8c93458787024191ba36543) Importer(815301076,1909f56bfc062723c751e8b465ee728b)  -> (artifact id: 'fc1b19e5e322e6f53c98aa15bdd7aecc') in 0.009595 seconds 
  Import took 0.012305 seconds .

========================================================================
Received Import Request.
  Time since last request: 33.916722 seconds.
  path: Assets/Mapa/Item.cs
  artifactKey: Guid(c55c7359e8c93458787024191ba36543) Importer(815301076,1909f56bfc062723c751e8b465ee728b)
Start importing Assets/Mapa/Item.cs using Guid(c55c7359e8c93458787024191ba36543) Importer(815301076,1909f56bfc062723c751e8b465ee728b)  -> (artifact id: '7d15077955776af604c1ccd466198fc4') in 0.001372 seconds 
  Import took 0.003681 seconds .

========================================================================
Received Prepare
Registering precompiled user dll's ...
Registered in 0.001566 seconds.
Begin MonoManager ReloadAssembly
Native extension for WindowsStandalone target not found
Refreshing native plugins compatible for Editor in 0.30 ms, found 2 plugins.
Preloading 0 native plugins for Editor in 0.00 ms.
Mono: successfully reloaded assembly
- Completed reload, in  0.915 seconds
Domain Reload Profiling:
	ReloadAssembly (916ms)
		BeginReloadAssembly (120ms)
			ExecutionOrderSort (0ms)
			DisableScriptedObjects (5ms)
			BackupInstance (0ms)
			ReleaseScriptingObjects (0ms)
			CreateAndSetChildDomain (35ms)
		EndReloadAssembly (735ms)
			LoadAssemblies (77ms)
			RebuildTransferFunctionScriptingTraits (0ms)
			SetupTypeCache (268ms)
			ReleaseScriptCaches (1ms)
			RebuildScriptCaches (36ms)
			SetupLoadedEditorAssemblies (258ms)
				LogAssemblyErrors (0ms)
				InitializePlatformSupportModulesInManaged (5ms)
				SetLoadedEditorAssemblies (0ms)
				RefreshPlugins (0ms)
				BeforeProcessingInitializeOnLoad (46ms)
				ProcessInitializeOnLoadAttributes (197ms)
				ProcessInitializeOnLoadMethodAttributes (4ms)
				AfterProcessingInitializeOnLoad (6ms)
				EditorAssembliesLoaded (0ms)
			ExecutionOrderSort2 (0ms)
			AwakeInstancesAfterBackupRestoration (7ms)
Platform modules already initialized, skipping
Refreshing native plugins compatible for Editor in 0.29 ms, found 2 plugins.
Preloading 0 native plugins for Editor in 0.00 ms.
Unloading 1399 Unused Serialized files (Serialized files now loaded: 0)
System memory in use before: 68.4 MB.
System memory in use after: 68.5 MB.

Unloading 11 unused Assets to reduce memory usage. Loaded Objects now: 1895.
Total: 2.511000 ms (FindLiveObjects: 0.170800 ms CreateObjectMapping: 0.047500 ms MarkObjects: 2.277900 ms  DeleteObjects: 0.013300 ms)

AssetImportParameters requested are different than current active one (requested -> active):
  custom:framework-win-MediaFoundation: 216162199b28c13a410421893ffa2e32 -> 
  custom:video-decoder-ogg-theora: a1e56fd34408186e4bbccfd4996cb3dc -> 
  custom:container-muxer-webm: aa71ff27fc2769a1b78a27578f13a17b -> 
  custom:container-demuxer-webm: 4f35f7cbe854078d1ac9338744f61a02 -> 
  custom:container-demuxer-ogg: 62fdf1f143b41e24485cea50d1cbac27 -> 
  custom:video-encoder-webm-vp8: eb34c28f22e8b96e1ab97ce403110664 -> 
  custom:video-decoder-webm-vp8: 9c59270c3fd7afecdb556c50c9e8de78 -> 
  custom:audio-decoder-ogg-vorbis: bf7c407c2cedff20999df2af8eb42d56 -> 
  custom:audio-encoder-webm-vorbis: bf7c407c2cedff20999df2af8eb42d56 -> 
========================================================================
Received Import Request.
  Time since last request: 2019.590957 seconds.
  path: Assets/Prefab/Sphere.prefab
  artifactKey: Guid(ebecf95ffe4132741a49dfd4addff205) Importer(815301076,1909f56bfc062723c751e8b465ee728b)
Start importing Assets/Prefab/Sphere.prefab using Guid(ebecf95ffe4132741a49dfd4addff205) Importer(815301076,1909f56bfc062723c751e8b465ee728b)  -> (artifact id: '227121de71fe780b6c77ec450f8a71bf') in 0.054745 seconds 
  Import took 0.057110 seconds .

========================================================================
Received Import Request.
  Time since last request: 12.802276 seconds.
  path: Assets/Prefab/Sphere.prefab
  artifactKey: Guid(ebecf95ffe4132741a49dfd4addff205) Importer(815301076,1909f56bfc062723c751e8b465ee728b)
Start importing Assets/Prefab/Sphere.prefab using Guid(ebecf95ffe4132741a49dfd4addff205) Importer(815301076,1909f56bfc062723c751e8b465ee728b)  -> (artifact id: '9df50031eb8ceb83c557e6f666c1c99e') in 0.006972 seconds 
  Import took 0.009353 seconds .

========================================================================
Received Import Request.
  Time since last request: 4.264350 seconds.
  path: Assets/Prefab/Sphere.prefab
  artifactKey: Guid(ebecf95ffe4132741a49dfd4addff205) Importer(815301076,1909f56bfc062723c751e8b465ee728b)
Start importing Assets/Prefab/Sphere.prefab using Guid(ebecf95ffe4132741a49dfd4addff205) Importer(815301076,1909f56bfc062723c751e8b465ee728b)  -> (artifact id: '21f6e6f1de6ec4f63fa1f6d50dc12b37') in 0.006963 seconds 
  Import took 0.009651 seconds .

========================================================================
Received Import Request.
  Time since last request: 89.286834 seconds.
  path: Assets/Prefab/SphereIcon.prefab
  artifactKey: Guid(1c3646f051fd1ac41b81e4f18099dd46) Importer(815301076,1909f56bfc062723c751e8b465ee728b)
Start importing Assets/Prefab/SphereIcon.prefab using Guid(1c3646f051fd1ac41b81e4f18099dd46) Importer(815301076,1909f56bfc062723c751e8b465ee728b)  -> (artifact id: '93f3b3e1769a43a2f1c7525dcdcac01b') in 0.014078 seconds 
  Import took 0.016623 seconds .

========================================================================
Received Import Request.
  Time since last request: 9.693078 seconds.
  path: Assets/Prefab/Sphere.prefab
  artifactKey: Guid(ebecf95ffe4132741a49dfd4addff205) Importer(815301076,1909f56bfc062723c751e8b465ee728b)
Start importing Assets/Prefab/Sphere.prefab using Guid(ebecf95ffe4132741a49dfd4addff205) Importer(815301076,1909f56bfc062723c751e8b465ee728b)  -> (artifact id: 'c9c8bd6aa063dbde11d97c120ff1de6a') in 0.007999 seconds 
  Import took 0.010396 seconds .

========================================================================
Received Import Request.
  Time since last request: 308.419545 seconds.
  path: Assets/Prefab/Mapa.prefab
  artifactKey: Guid(158fbce19a148b648bd8f1c546d12880) Importer(815301076,1909f56bfc062723c751e8b465ee728b)
Start importing Assets/Prefab/Mapa.prefab using Guid(158fbce19a148b648bd8f1c546d12880) Importer(815301076,1909f56bfc062723c751e8b465ee728b)  -> (artifact id: '025307bb28bcf2fba99e343b6d15f027') in 0.010749 seconds 
  Import took 0.013473 seconds .

========================================================================
Received Import Request.
  Time since last request: 198.972059 seconds.
  path: Assets/Material/PlayerIcon.mat
  artifactKey: Guid(e05c09a683d5fa04da3f738e2482003f) Importer(815301076,1909f56bfc062723c751e8b465ee728b)
Start importing Assets/Material/PlayerIcon.mat using Guid(e05c09a683d5fa04da3f738e2482003f) Importer(815301076,1909f56bfc062723c751e8b465ee728b)  -> (artifact id: '4f5e7c051661e22615e0fc9d31bbde92') in 0.036092 seconds 
  Import took 0.038413 seconds .

========================================================================
Received Import Request.
  Time since last request: 36.499232 seconds.
  path: Assets/Material/MapaQuad.mat
  artifactKey: Guid(952775341fd7c524793c869ce2193407) Importer(815301076,1909f56bfc062723c751e8b465ee728b)
Start importing Assets/Material/MapaQuad.mat using Guid(952775341fd7c524793c869ce2193407) Importer(815301076,1909f56bfc062723c751e8b465ee728b)  -> (artifact id: 'a68f8c7375b6a77c4ae83c1a9632edba') in 0.013298 seconds 
  Import took 0.015569 seconds .

========================================================================
Received Import Request.
  Time since last request: 546.833504 seconds.
  path: Assets/Material/MapaQuad.mat
  artifactKey: Guid(952775341fd7c524793c869ce2193407) Importer(815301076,1909f56bfc062723c751e8b465ee728b)
Start importing Assets/Material/MapaQuad.mat using Guid(952775341fd7c524793c869ce2193407) Importer(815301076,1909f56bfc062723c751e8b465ee728b)  -> (artifact id: '4e6c2ef54556774d493b524173deacd5') in 0.030086 seconds 
  Import took 0.032787 seconds .

========================================================================
Received Import Request.
  Time since last request: 44.309747 seconds.
  path: Assets/Mapa/Spawner.cs
  artifactKey: Guid(e62495562ae714054a79d88dca8aad54) Importer(815301076,1909f56bfc062723c751e8b465ee728b)
Start importing Assets/Mapa/Spawner.cs using Guid(e62495562ae714054a79d88dca8aad54) Importer(815301076,1909f56bfc062723c751e8b465ee728b)  -> (artifact id: '3ddcc506da39f3a4626bf8bacc181552') in 0.005129 seconds 
  Import took 0.007521 seconds .

========================================================================
Received Import Request.
  Time since last request: 2.294726 seconds.
  path: Assets/Mapa/MessageController.cs
  artifactKey: Guid(f23ff0fd54a504b6b9e7fd377df60e71) Importer(815301076,1909f56bfc062723c751e8b465ee728b)
Start importing Assets/Mapa/MessageController.cs using Guid(f23ff0fd54a504b6b9e7fd377df60e71) Importer(815301076,1909f56bfc062723c751e8b465ee728b)  -> (artifact id: 'cd3c0dde270d122693cd3afee0522aba') in 0.004731 seconds 
  Import took 0.006977 seconds .

========================================================================
Received Prepare
Registering precompiled user dll's ...
Registered in 0.001556 seconds.
Begin MonoManager ReloadAssembly
Native extension for WindowsStandalone target not found
Refreshing native plugins compatible for Editor in 0.29 ms, found 2 plugins.
Preloading 0 native plugins for Editor in 0.00 ms.
Mono: successfully reloaded assembly
- Completed reload, in  0.923 seconds
Domain Reload Profiling:
	ReloadAssembly (923ms)
		BeginReloadAssembly (108ms)
			ExecutionOrderSort (0ms)
			DisableScriptedObjects (4ms)
			BackupInstance (0ms)
			ReleaseScriptingObjects (0ms)
			CreateAndSetChildDomain (32ms)
		EndReloadAssembly (750ms)
			LoadAssemblies (89ms)
			RebuildTransferFunctionScriptingTraits (0ms)
			SetupTypeCache (271ms)
			ReleaseScriptCaches (1ms)
			RebuildScriptCaches (37ms)
			SetupLoadedEditorAssemblies (259ms)
				LogAssemblyErrors (0ms)
				InitializePlatformSupportModulesInManaged (5ms)
				SetLoadedEditorAssemblies (0ms)
				RefreshPlugins (0ms)
				BeforeProcessingInitializeOnLoad (45ms)
				ProcessInitializeOnLoadAttributes (198ms)
				ProcessInitializeOnLoadMethodAttributes (4ms)
				AfterProcessingInitializeOnLoad (6ms)
				EditorAssembliesLoaded (0ms)
			ExecutionOrderSort2 (0ms)
			AwakeInstancesAfterBackupRestoration (7ms)
Platform modules already initialized, skipping
Refreshing native plugins compatible for Editor in 0.29 ms, found 2 plugins.
Preloading 0 native plugins for Editor in 0.00 ms.
Unloading 1399 Unused Serialized files (Serialized files now loaded: 0)
System memory in use before: 68.5 MB.
System memory in use after: 68.6 MB.

Unloading 12 unused Assets to reduce memory usage. Loaded Objects now: 1899.
Total: 2.773000 ms (FindLiveObjects: 0.150600 ms CreateObjectMapping: 0.046700 ms MarkObjects: 2.555800 ms  DeleteObjects: 0.018900 ms)

AssetImportParameters requested are different than current active one (requested -> active):
  custom:framework-win-MediaFoundation: 216162199b28c13a410421893ffa2e32 -> 
  custom:video-decoder-ogg-theora: a1e56fd34408186e4bbccfd4996cb3dc -> 
  custom:container-muxer-webm: aa71ff27fc2769a1b78a27578f13a17b -> 
  custom:container-demuxer-webm: 4f35f7cbe854078d1ac9338744f61a02 -> 
  custom:container-demuxer-ogg: 62fdf1f143b41e24485cea50d1cbac27 -> 
  custom:video-encoder-webm-vp8: eb34c28f22e8b96e1ab97ce403110664 -> 
  custom:video-decoder-webm-vp8: 9c59270c3fd7afecdb556c50c9e8de78 -> 
  custom:audio-decoder-ogg-vorbis: bf7c407c2cedff20999df2af8eb42d56 -> 
  custom:audio-encoder-webm-vorbis: bf7c407c2cedff20999df2af8eb42d56 -> 
========================================================================
Received Import Request.
  Time since last request: 27.837663 seconds.
  path: Assets/Mapa/Minimapa.renderTexture
  artifactKey: Guid(8af2f6da77b110846a49a5857af162e7) Importer(815301076,1909f56bfc062723c751e8b465ee728b)
Start importing Assets/Mapa/Minimapa.renderTexture using Guid(8af2f6da77b110846a49a5857af162e7) Importer(815301076,1909f56bfc062723c751e8b465ee728b)  -> (artifact id: 'd821c786effae2740cd546896e8c569b') in 0.037107 seconds 
  Import took 0.039456 seconds .

========================================================================
Received Import Request.
  Time since last request: 56.499520 seconds.
  path: Assets/Prefab/Mapa.prefab
  artifactKey: Guid(158fbce19a148b648bd8f1c546d12880) Importer(815301076,1909f56bfc062723c751e8b465ee728b)
Start importing Assets/Prefab/Mapa.prefab using Guid(158fbce19a148b648bd8f1c546d12880) Importer(815301076,1909f56bfc062723c751e8b465ee728b)  -> (artifact id: '4dae78000d29f52a5fb63dee6fc61770') in 0.015888 seconds 
  Import took 0.032245 seconds .

========================================================================
Received Import Request.
  Time since last request: 3.538313 seconds.
  path: Assets/Prefab/Mapa.prefab
  artifactKey: Guid(158fbce19a148b648bd8f1c546d12880) Importer(815301076,1909f56bfc062723c751e8b465ee728b)
Start importing Assets/Prefab/Mapa.prefab using Guid(158fbce19a148b648bd8f1c546d12880) Importer(815301076,1909f56bfc062723c751e8b465ee728b)  -> (artifact id: 'b69d8de8c23fbb9ce02830b85e0388d7') in 0.006763 seconds 
  Import took 0.009047 seconds .

========================================================================
Received Import Request.
  Time since last request: 5.273025 seconds.
  path: Assets/Prefab/Mapa.prefab
  artifactKey: Guid(158fbce19a148b648bd8f1c546d12880) Importer(815301076,1909f56bfc062723c751e8b465ee728b)
Start importing Assets/Prefab/Mapa.prefab using Guid(158fbce19a148b648bd8f1c546d12880) Importer(815301076,1909f56bfc062723c751e8b465ee728b)  -> (artifact id: 'e1ee1f194033041d1f99630b86709d53') in 0.003618 seconds 
  Import took 0.005868 seconds .

========================================================================
Received Import Request.
  Time since last request: 6.656288 seconds.
  path: Assets/Prefab/Mapa.prefab
  artifactKey: Guid(158fbce19a148b648bd8f1c546d12880) Importer(815301076,1909f56bfc062723c751e8b465ee728b)
Start importing Assets/Prefab/Mapa.prefab using Guid(158fbce19a148b648bd8f1c546d12880) Importer(815301076,1909f56bfc062723c751e8b465ee728b)  -> (artifact id: '97c558e33963c043257879bae3b777bc') in 0.003571 seconds 
  Import took 0.005847 seconds .

========================================================================
Received Import Request.
  Time since last request: 4.470119 seconds.
  path: Assets/Prefab/Mapa.prefab
  artifactKey: Guid(158fbce19a148b648bd8f1c546d12880) Importer(815301076,1909f56bfc062723c751e8b465ee728b)
Start importing Assets/Prefab/Mapa.prefab using Guid(158fbce19a148b648bd8f1c546d12880) Importer(815301076,1909f56bfc062723c751e8b465ee728b)  -> (artifact id: 'da3d4a6bbfdfabf73da7d703655d6c8e') in 0.003418 seconds 
  Import took 0.005782 seconds .

========================================================================
Received Import Request.
  Time since last request: 10.130876 seconds.
  path: Assets/Prefab/Mapa.prefab
  artifactKey: Guid(158fbce19a148b648bd8f1c546d12880) Importer(815301076,1909f56bfc062723c751e8b465ee728b)
Start importing Assets/Prefab/Mapa.prefab using Guid(158fbce19a148b648bd8f1c546d12880) Importer(815301076,1909f56bfc062723c751e8b465ee728b)  -> (artifact id: '3629668ffb0a27738b76703e0f0f2704') in 0.003723 seconds 
  Import took 0.006145 seconds .

